Checking dataset paths:
Training Path: D:\ACADEMICS\THESIS\Datasets\final\01_ff40_unaltered\train
Validation Path: D:\ACADEMICS\THESIS\Datasets\final\01_ff40_unaltered\val
Checking if 'D:\ACADEMICS\THESIS\Datasets\final\01_ff40_unaltered\train\real' exists: True
Checking if 'D:\ACADEMICS\THESIS\Datasets\final\01_ff40_unaltered\train\fake' exists: True
train.py  --dataroot  D:\ACADEMICS\THESIS\Datasets\final\01_ff40_unaltered  --batch_size  32  --lr  0.001  --niter  50
[Info] Using device: cpu
[Info] Using device: cpu
Final dataset root: D:\ACADEMICS\THESIS\Datasets\final\01_ff40_unaltered\train
Checking dataset at: D:\ACADEMICS\THESIS\Datasets\final\01_ff40_unaltered\train
Files in D:\ACADEMICS\THESIS\Datasets\final\01_ff40_unaltered\train\real: ['000_face_150.jpg', '000_face_320.jpg', '000_face_80.jpg', '000_oversample_10121.png', '000_oversample_12281.png'] ... (22664 total)
Files in D:\ACADEMICS\THESIS\Datasets\final\01_ff40_unaltered\train\fake: ['000_003_face_100.jpg', '000_003_face_110.jpg', '000_003_face_120.jpg', '000_003_face_150.jpg', '000_003_face_160.jpg'] ... (22664 total)
Final dataset root: D:\ACADEMICS\THESIS\Datasets\final\01_ff40_unaltered\val
Checking dataset at: D:\ACADEMICS\THESIS\Datasets\final\01_ff40_unaltered\val
Files in D:\ACADEMICS\THESIS\Datasets\final\01_ff40_unaltered\val\real: ['01__exit_phone_room_face_120.jpg', '01__exit_phone_room_face_150.jpg', '01__exit_phone_room_face_260.jpg', '01__exit_phone_room_oversample_10369.png', '01__exit_phone_room_oversample_11056.png'] ... (5014 total)
Files in D:\ACADEMICS\THESIS\Datasets\final\01_ff40_unaltered\val\fake: ['01_02__exit_phone_room__YVGY8LOK_face_180.jpg', '01_02__exit_phone_room__YVGY8LOK_face_50.jpg', '01_02__meeting_serious__YVGY8LOK_face_1040.jpg', '01_02__meeting_serious__YVGY8LOK_face_120.jpg', '01_02__meeting_serious__YVGY8LOK_face_180.jpg'] ... (5014 total)
==================== requires_grad True weight1
==================== requires_grad True bias1
==================== requires_grad True weight2
==================== requires_grad True bias2
==================== requires_grad True weight3
==================== requires_grad True bias3
==================== requires_grad True weight4
==================== requires_grad True bias4
==================== requires_grad True realconv1.weight
==================== requires_grad True imagconv1.weight
==================== requires_grad True realconv2.weight
==================== requires_grad True imagconv2.weight
==================== requires_grad True realconv3.weight
==================== requires_grad True imagconv3.weight
==================== requires_grad True realconv4.weight
==================== requires_grad True imagconv4.weight
==================== requires_grad True layer1.0.conv1.weight
==================== requires_grad True layer1.0.bn1.weight
==================== requires_grad True layer1.0.bn1.bias
==================== requires_grad True layer1.0.conv2.weight
==================== requires_grad True layer1.0.bn2.weight
==================== requires_grad True layer1.0.bn2.bias
==================== requires_grad True layer1.0.conv3.weight
==================== requires_grad True layer1.0.bn3.weight
==================== requires_grad True layer1.0.bn3.bias
==================== requires_grad True layer1.0.downsample.0.weight
==================== requires_grad True layer1.0.downsample.1.weight
==================== requires_grad True layer1.0.downsample.1.bias
==================== requires_grad True layer1.1.conv1.weight
==================== requires_grad True layer1.1.bn1.weight
==================== requires_grad True layer1.1.bn1.bias
==================== requires_grad True layer1.1.conv2.weight
==================== requires_grad True layer1.1.bn2.weight
==================== requires_grad True layer1.1.bn2.bias
==================== requires_grad True layer1.1.conv3.weight
==================== requires_grad True layer1.1.bn3.weight
==================== requires_grad True layer1.1.bn3.bias
==================== requires_grad True layer1.2.conv1.weight
==================== requires_grad True layer1.2.bn1.weight
==================== requires_grad True layer1.2.bn1.bias
==================== requires_grad True layer1.2.conv2.weight
==================== requires_grad True layer1.2.bn2.weight
==================== requires_grad True layer1.2.bn2.bias
==================== requires_grad True layer1.2.conv3.weight
==================== requires_grad True layer1.2.bn3.weight
==================== requires_grad True layer1.2.bn3.bias
==================== requires_grad True layer2.0.conv1.weight
==================== requires_grad True layer2.0.bn1.weight
==================== requires_grad True layer2.0.bn1.bias
==================== requires_grad True layer2.0.conv2.weight
==================== requires_grad True layer2.0.bn2.weight
==================== requires_grad True layer2.0.bn2.bias
==================== requires_grad True layer2.0.conv3.weight
==================== requires_grad True layer2.0.bn3.weight
==================== requires_grad True layer2.0.bn3.bias
==================== requires_grad True layer2.0.downsample.0.weight
==================== requires_grad True layer2.0.downsample.1.weight
==================== requires_grad True layer2.0.downsample.1.bias
==================== requires_grad True layer2.1.conv1.weight
==================== requires_grad True layer2.1.bn1.weight
==================== requires_grad True layer2.1.bn1.bias
==================== requires_grad True layer2.1.conv2.weight
==================== requires_grad True layer2.1.bn2.weight
==================== requires_grad True layer2.1.bn2.bias
==================== requires_grad True layer2.1.conv3.weight
==================== requires_grad True layer2.1.bn3.weight
==================== requires_grad True layer2.1.bn3.bias
==================== requires_grad True layer2.2.conv1.weight
==================== requires_grad True layer2.2.bn1.weight
==================== requires_grad True layer2.2.bn1.bias
==================== requires_grad True layer2.2.conv2.weight
==================== requires_grad True layer2.2.bn2.weight
==================== requires_grad True layer2.2.bn2.bias
==================== requires_grad True layer2.2.conv3.weight
==================== requires_grad True layer2.2.bn3.weight
==================== requires_grad True layer2.2.bn3.bias
==================== requires_grad True layer2.3.conv1.weight
==================== requires_grad True layer2.3.bn1.weight
==================== requires_grad True layer2.3.bn1.bias
==================== requires_grad True layer2.3.conv2.weight
==================== requires_grad True layer2.3.bn2.weight
==================== requires_grad True layer2.3.bn2.bias
==================== requires_grad True layer2.3.conv3.weight
==================== requires_grad True layer2.3.bn3.weight
==================== requires_grad True layer2.3.bn3.bias
==================== requires_grad True fc1.weight
==================== requires_grad True fc1.bias

Current Working Directory: D:\ACADEMICS\THESIS\FreqNet-DeepfakeDetection
